app/build/outputs/mapping/release/seeds.txt
com.readtrack.data.local.dao.BookListDao_Impl$7
com.readtrack.MainActivity_GeneratedInjector
com.readtrack.data.local.dao.BookListDao_Impl
com.readtrack.domain.model.ReadingRecordExport$Companion
com.readtrack.domain.model.BookListExport
com.readtrack.data.local.dao.BookDao_Impl$10
com.readtrack.data.local.entity.BookListCrossRef
com.readtrack.data.local.dao.BookDao_Impl$3
com.readtrack.domain.model.BookExport$Companion
com.readtrack.data.local.dao.BookDao_Impl
com.readtrack.data.local.dao.BookListDao_Impl$8
com.readtrack.data.local.dao.BookListDao_Impl$13
com.readtrack.data.local.dao.ReadingRecordDao_Impl$1
com.readtrack.data.local.dao.BookListDao_Impl$12
com.readtrack.data.local.dao.ReadingRecordDao_Impl
com.readtrack.data.local.dao.BookDao
com.readtrack.data.local.dao.ReadingRecordDao
com.readtrack.data.local.dao.BookListDao_Impl$11
com.readtrack.data.local.dao.ReadingRecordDao_Impl$2
com.readtrack.data.local.dao.ReadingRecordDao_Impl$7
com.readtrack.data.local.dao.ReadingRecordDao_Impl$4
com.readtrack.data.local.entity.BookListEntity
com.readtrack.data.local.dao.BookListDao$DefaultImpls
com.readtrack.data.local.dao.BookListDao_Impl$18
com.readtrack.domain.model.BookSnapshot$$serializer
com.readtrack.data.local.dao.BookListDao_Impl$16
com.readtrack.Hilt_ReadTrackApp$1
com.readtrack.domain.model.ProgressType$Companion
com.readtrack.data.local.dao.BookListDao_Impl$1
com.readtrack.data.local.dao.ReadingRecordDao_Impl$11
com.readtrack.data.local.dao.BookDao_Impl$7
com.readtrack.data.local.entity.BookEntity
com.readtrack.data.local.dao.BookDao_Impl$1
com.readtrack.data.local.dao.BookDao_Impl$12
com.readtrack.data.local.dao.ReadingRecordDao_Impl$8
com.readtrack.data.local.dao.ReadingRecordDao_Impl$12
com.readtrack.data.local.dao.BookListDao_Impl$6
com.readtrack.data.local.dao.BookDao_Impl$17
com.readtrack.data.local.database.ReadTrackDatabase
com.readtrack.data.local.dao.BookDao_Impl$15
com.readtrack.data.local.dao.BookListDao_Impl$17
com.readtrack.data.local.dao.BookListDao_Impl$20
com.readtrack.data.local.dao.BookDao_Impl$14
com.readtrack.data.local.dao.BookListDao_Impl$14
com.readtrack.data.local.dao.BookDao_Impl$13
com.readtrack.domain.model.BookStatus$Companion
com.readtrack.data.local.database.ReadTrackDatabase_Impl
com.readtrack.domain.model.ReadingRecordExport
com.readtrack.data.local.dao.BookDao_Impl$11
com.readtrack.data.local.dao.BookListDao_Impl$9
com.readtrack.data.local.dao.BookDao_Impl$2
com.readtrack.data.local.dao.BookDao_Impl$6
com.readtrack.data.local.dao.BookListDao_Impl$19
com.readtrack.domain.model.DataBackup$$serializer
com.readtrack.domain.model.BookSnapshot$Companion
com.readtrack.data.local.dao.BookDao_Impl$16
com.readtrack.data.local.dao.BookListDao_Impl$3
com.readtrack.data.local.entity.ReadingRecordEntity
com.readtrack.data.local.dao.BookListDao_Impl$5
com.readtrack.MainActivity
com.readtrack.data.local.dao.BookListDao_Impl$4
com.readtrack.domain.model.BookListExport$Companion
com.readtrack.worker.WebDavAutoBackupWorker
com.readtrack.data.local.entity.RecordType
com.readtrack.domain.model.BookExport$$serializer
com.readtrack.data.local.dao.BookListDao_Impl$10
com.readtrack.domain.model.BookSnapshot
com.readtrack.data.local.dao.BookListDao_Impl$22
com.readtrack.data.local.dao.BookListDao_Impl$25
com.readtrack.data.local.dao.BookDao_Impl$9
com.readtrack.ReadTrackApp_GeneratedInjector
com.readtrack.domain.model.DataBackup
com.readtrack.data.local.dao.BookListDao_Impl$15
com.readtrack.data.local.dao.BookDao_Impl$8
com.readtrack.domain.model.DataBackup$Companion
com.readtrack.data.local.dao.BookListDao_Impl$21
com.readtrack.ReadTrackApp
com.readtrack.domain.model.BookExport
com.readtrack.data.local.dao.ReadingRecordDao_Impl$3
com.readtrack.domain.model.ReadingRecordExport$$serializer
com.readtrack.data.local.dao.ReadingRecordDao_Impl$10
com.readtrack.data.local.dao.ReadingRecordDao_Impl$5
com.readtrack.data.local.dao.ReadingRecordDao_Impl$9
com.readtrack.data.local.dao.BookDao_Impl$4
...
androidx.vectordrawable.graphics.drawable.VectorDrawableCompat$VGroup: void setTranslateY(float)
androidx.work.OutOfQuotaPolicy: androidx.work.OutOfQuotaPolicy[] values()
androidx.core.view.ViewCompat$Api16Impl: void requestFitSystemWindows(android.view.View)
dagger.hilt.android.internal.managers.FragmentComponentManager: FragmentComponentManager(androidx.fragment.app.Fragment)
androidx.core.os.LocaleListCompat$Api24Impl: android.os.LocaleList createLocaleList(java.util.Locale[])
androidx.compose.ui.state.ToggleableState: androidx.compose.ui.state.ToggleableState valueOf(java.lang.String)
androidx.lifecycle.EmptyActivityLifecycleCallbacks: void onActivityStopped(android.app.Activity)
dagger.hilt.internal.definecomponent.DefineComponentNoParent: DefineComponentNoParent()
androidx.compose.ui.platform.ViewLayer: long getLayerId()
androidx.datastore.preferences.protobuf.FieldType: androidx.datastore.preferences.protobuf.FieldType valueOf(java.lang.String)
androidx.compose.foundation.Api31Impl: android.widget.EdgeEffect create(android.content.Context,android.util.AttributeSet)
androidx.room.EntityInsertionAdapter: java.util.List insertAndReturnIdsList(java.util.Collection)
androidx.compose.ui.platform.coreshims.ContentCaptureSessionCompat$Api29Impl: void notifyViewsDisappeared(android.view.contentcapture.ContentCaptureSession,android.view.autofill.AutofillId,long[])
androidx.compose.ui.window.PopupLayout: androidx.compose.ui.window.PopupPositionProvider getPositionProvider()
dagger.hilt.android.internal.managers.ServiceComponentManager: ServiceComponentManager(android.app.Service)
androidx.core.os.UserManagerCompat$Api24Impl: boolean isUserUnlocked(android.content.Context)
androidx.core.view.ViewCompat$Api29Impl: android.view.contentcapture.ContentCaptureSession getContentCaptureSession(android.view.View)
androidx.compose.ui.platform.AndroidComposeView: void setLastMatrixRecalculationAnimationTime$ui_release(long)
androidx.compose.ui.platform.coreshims.ContentCaptureSessionCompat$Api29Impl: android.view.ViewStructure newVirtualViewStructure(android.view.contentcapture.ContentCaptureSession,android.view.autofill.AutofillId,long)
androidx.work.impl.background.systemalarm.RescheduleReceiver: RescheduleReceiver()
androidx.compose.runtime.Recomposer$State: androidx.compose.runtime.Recomposer$State[] values()
androidx.core.view.ViewCompat$Api21Impl: void setBackgroundTintList(android.view.View,android.content.res.ColorStateList)
androidx.core.view.accessibility.AccessibilityNodeInfoCompat$Api33Impl: androidx.core.view.accessibility.AccessibilityNodeInfoCompat getParent(android.view.accessibility.AccessibilityNodeInfo,int)
androidx.core.view.ViewCompat$Api20Impl: android.view.WindowInsets dispatchApplyWindowInsets(android.view.View,android.view.WindowInsets)
dagger.hilt.internal.Preconditions: java.lang.Object checkNotNull(java.lang.Object,java.lang.String)
androidx.core.view.ViewCompat$Api23Impl: void setScrollIndicators(android.view.View,int,int)
androidx.compose.ui.platform.ViewLayerVerificationHelper28: void setOutlineSpotShadowColor(android.view.View,int)
dagger.hilt.processor.internal.definecomponent.codegen._dagger_hilt_android_internal_builders_FragmentComponentBuilder: _dagger_hilt_android_internal_builders_FragmentComponentBuilder()
androidx.compose.ui.autofill.AutofillApi23Helper: android.view.ViewStructure newChild(android.view.ViewStructure,int)
kotlinx.coroutines.selects.TrySelectDetailedResult: kotlinx.coroutines.selects.TrySelectDetailedResult[] values()
androidx.core.view.WindowInsetsCompat$Impl21: WindowInsetsCompat$Impl21(androidx.core.view.WindowInsetsCompat,androidx.core.view.WindowInsetsCompat$Impl21)
androidx.core.view.ViewCompat$Api21Impl: android.graphics.PorterDuff$Mode getBackgroundTintMode(android.view.View)
androidx.work.impl.background.systemalarm.ConstraintProxy$StorageNotLowProxy: ConstraintProxy$StorageNotLowProxy()
okhttp3.TlsVersion: okhttp3.TlsVersion[] values()