app/build/outputs/mapping/release/usage.txt
com.readtrack.DaggerReadTrackApp_HiltComponents_SingletonC$ActivityCImpl$LazyClassKeyProvider:
    com.readtrack.presentation.viewmodel.AddBookViewModel com_readtrack_presentation_viewmodel_AddBookViewModel2
    com.readtrack.presentation.viewmodel.AddToBookListViewModel com_readtrack_presentation_viewmodel_AddToBookListViewModel2
    com.readtrack.presentation.viewmodel.BookDetailViewModel com_readtrack_presentation_viewmodel_BookDetailViewModel2
    com.readtrack.presentation.viewmodel.BookListDetailViewModel com_readtrack_presentation_viewmodel_BookListDetailViewModel2
    com.readtrack.presentation.viewmodel.BookListViewModel com_readtrack_presentation_viewmodel_BookListViewModel2
    com.readtrack.presentation.viewmodel.BooksViewModel com_readtrack_presentation_viewmodel_BooksViewModel2
    com.readtrack.presentation.viewmodel.HomeViewModel com_readtrack_presentation_viewmodel_HomeViewModel2
    com.readtrack.presentation.viewmodel.SettingsViewModel com_readtrack_presentation_viewmodel_SettingsViewModel2
    com.readtrack.presentation.viewmodel.StatsViewModel com_readtrack_presentation_viewmodel_StatsViewModel2
    com.readtrack.presentation.viewmodel.TimelineViewModel com_readtrack_presentation_viewmodel_TimelineViewModel2
    private void <init>()
com.readtrack.DaggerReadTrackApp_HiltComponents_SingletonC$ViewModelCImpl$LazyClassKeyProvider:
    com.readtrack.presentation.viewmodel.AddBookViewModel com_readtrack_presentation_viewmodel_AddBookViewModel2
    com.readtrack.presentation.viewmodel.AddToBookListViewModel com_readtrack_presentation_viewmodel_AddToBookListViewModel2
    com.readtrack.presentation.viewmodel.BookDetailViewModel com_readtrack_presentation_viewmodel_BookDetailViewModel2
    com.readtrack.presentation.viewmodel.BookListDetailViewModel com_readtrack_presentation_viewmodel_BookListDetailViewModel2
    com.readtrack.presentation.viewmodel.BookListViewModel com_readtrack_presentation_viewmodel_BookListViewModel2
    com.readtrack.presentation.viewmodel.BooksViewModel com_readtrack_presentation_viewmodel_BooksViewModel2
    com.readtrack.presentation.viewmodel.HomeViewModel com_readtrack_presentation_viewmodel_HomeViewModel2
    com.readtrack.presentation.viewmodel.SettingsViewModel com_readtrack_presentation_viewmodel_SettingsViewModel2
    com.readtrack.presentation.viewmodel.StatsViewModel com_readtrack_presentation_viewmodel_StatsViewModel2
    com.readtrack.presentation.viewmodel.TimelineViewModel com_readtrack_presentation_viewmodel_TimelineViewModel2
    private void <init>()
com.readtrack.DaggerReadTrackApp_HiltComponents_SingletonC:
    private void <init>()
com.readtrack.Hilt_MainActivity:
    void <init>(int)
com.readtrack.MainActivity:
    public static final int $stable
com.readtrack.R$color
com.readtrack.R$drawable
com.readtrack.R$mipmap
com.readtrack.R$string
com.readtrack.R$style
com.readtrack.R$xml
com.readtrack.R
com.readtrack.ReadTrackApp:
    public final void setWorkerFactory(androidx.hilt.work.HiltWorkerFactory)
com.readtrack.ReadTrackApp_ComponentTreeDeps
com.readtrack.ReadTrackApp_HiltComponents$ActivityC$Builder
com.readtrack.ReadTrackApp_HiltComponents$ActivityCBuilderModule
com.readtrack.ReadTrackApp_HiltComponents$ActivityRetainedC$Builder
com.readtrack.ReadTrackApp_HiltComponents$ActivityRetainedCBuilderModule
com.readtrack.ReadTrackApp_HiltComponents$FragmentC$Builder
com.readtrack.ReadTrackApp_HiltComponents$FragmentCBuilderModule
com.readtrack.ReadTrackApp_HiltComponents$ServiceC$Builder
com.readtrack.ReadTrackApp_HiltComponents$ServiceCBuilderModule
com.readtrack.ReadTrackApp_HiltComponents$ViewC$Builder
com.readtrack.ReadTrackApp_HiltComponents$ViewCBuilderModule
com.readtrack.ReadTrackApp_HiltComponents$ViewModelC$Builder
com.readtrack.ReadTrackApp_HiltComponents$ViewModelCBuilderModule
com.readtrack.ReadTrackApp_HiltComponents$ViewWithFragmentC$Builder
com.readtrack.ReadTrackApp_HiltComponents$ViewWithFragmentCBuilderModule
com.readtrack.ReadTrackApp_HiltComponents
...
androidx.compose.material.icons.sharp.FlashlightOffKt
androidx.compose.material.icons.sharp.FlashlightOnKt
androidx.compose.material.icons.sharp.FlatwareKt
androidx.compose.material.icons.sharp.FlightClassKt
androidx.compose.material.icons.sharp.FlightKt
androidx.compose.material.icons.sharp.FlightLandKt
androidx.compose.material.icons.sharp.FlightTakeoffKt
androidx.compose.material.icons.sharp.FlipCameraAndroidKt
androidx.compose.material.icons.sharp.FlipCameraIosKt
androidx.compose.material.icons.sharp.FlipKt
androidx.compose.material.icons.sharp.FlipToBackKt
androidx.compose.material.icons.sharp.FlipToFrontKt
androidx.compose.material.icons.sharp.FloodKt
androidx.compose.material.icons.sharp.FlourescentKt
androidx.compose.material.icons.sharp.FluorescentKt
androidx.compose.material.icons.sharp.FlutterDashKt
androidx.compose.material.icons.sharp.FmdBadKt
androidx.compose.material.icons.sharp.FmdGoodKt
androidx.compose.material.icons.sharp.FolderCopyKt
androidx.compose.material.icons.sharp.FolderDeleteKt
androidx.compose.material.icons.sharp.FolderKt
androidx.compose.material.icons.sharp.FolderOffKt
androidx.compose.material.icons.sharp.FolderOpenKt
androidx.compose.material.icons.sharp.FolderSharedKt
androidx.compose.material.icons.sharp.FolderSpecialKt
androidx.compose.material.icons.sharp.FolderZipKt
androidx.compose.material.icons.sharp.FollowTheSignsKt
androidx.compose.material.icons.sharp.FontDownloadKt
androidx.compose.material.icons.sharp.FontDownloadOffKt
androidx.compose.material.icons.sharp.FoodBankKt
androidx.compose.material.icons.sharp.ForestKt
androidx.compose.material.icons.sharp.ForkLeftKt
androidx.compose.material.icons.sharp.ForkRightKt
androidx.compose.material.icons.sharp.FormatAlignCenterKt
androidx.compose.material.icons.sharp.FormatAlignJustifyKt
androidx.compose.material.icons.sharp.FormatAlignLeftKt
androidx.compose.material.icons.sharp.FormatAlignRightKt
androidx.compose.material.icons.sharp.FormatBoldKt
androidx.compose.material.icons.sharp.FormatClearKt
androidx.compose.material.icons.sharp.FormatColorFillKt
androidx.compose.material.icons.sharp.FormatColorResetKt
androidx.compose.material.icons.sharp.FormatColorTextKt
androidx.compose.material.icons.sharp.FormatIndentDecreaseKt
androidx.compose.material.icons.sharp.FormatIndentIncreaseKt
androidx.compose.material.icons.sharp.FormatItalicKt
androidx.compose.material.icons.sharp.FormatLineSpacingKt
androidx.compose.material.icons.sharp.FormatListBulletedKt
androidx.compose.material.icons.sharp.FormatListNumberedKt
androidx.compose.material.icons.sharp.FormatListNumberedRtlKt
androidx.compose.material.icons.sharp.FormatOverlineKt
androidx.compose.material.icons.sharp.FormatPaintKt
androidx.compose.material.icons.sharp.FormatQuoteKt
androidx.compose.material.icons.sharp.FormatShapesKt
androidx.compose.material.icons.sharp.FormatSizeKt
androidx.compose.material.icons.sharp.FormatStrikethroughKt
androidx.compose.material.icons.sharp.FormatTextdirectionLToRKt
androidx.compose.material.icons.sharp.FormatTextdirectionRToLKt
androidx.compose.material.icons.sharp.FormatUnderlinedKt
androidx.compose.material.icons.sharp.FortKt
androidx.compose.material.icons.sharp.ForumKt
androidx.compose.material.icons.sharp.Forward10Kt
androidx.compose.material.icons.sharp.Forward30Kt
androidx.compose.material.icons.sharp.Forward5Kt
androidx.compose.material.icons.sharp.ForwardKt
androidx.compose.material.icons.sharp.ForwardToInboxKt
androidx.compose.material.icons.sharp.FoundationKt
androidx.compose.material.icons.sharp.FreeBreakfastKt
androidx.compose.material.icons.sharp.FreeCancellationKt
androidx.compose.material.icons.sharp.FrontHandKt
androidx.compose.material.icons.sharp.FullscreenExitKt
androidx.compose.material.icons.sharp.FullscreenKt
androidx.compose.material.icons.sharp.FunctionsKt
androidx.compose.material.icons.sharp.GMobiledataKt
androidx.compose.material.icons.sharp.GTranslateKt
androidx.compose.material.icons.sharp.GamepadKt